<?xml version="1.0" ?>
<testsuite name="TestApp-20230320150338" tests="4" time="0.022" failures="0" errors="0">
	<testcase classname="TestApp" name="test_factorial" time="0.017"/>
	<testcase classname="TestApp" name="test_natural_logarithm" time="0.002"/>
	<testcase classname="TestApp" name="test_power" time="0.002"/>
	<testcase classname="TestApp" name="test_square_root" time="0.002"/>
	<system-out><![CDATA[]]></system-out>
	<system-err><![CDATA[]]></system-err>
</testsuite>
